2018-03-30 10:53:55.735  INFO 8700 --- [main] c.i.a.AutomaticCarsGameApplication       : Starting AutomaticCarsGameApplication on LHQ00712 with PID 8700 (C:\Users\trubalu\Documents\workspace\ipf\ipf-automatic-cars-game\target\classes started by trubalu in C:\Users\trubalu\Documents\workspace\ipf\ipf-automatic-cars-game)
2018-03-30 10:53:55.735  INFO 8700 --- [main] c.i.a.AutomaticCarsGameApplication       : No active profile set, falling back to default profiles: default
2018-03-30 10:53:55.782  INFO 8700 --- [main] ConfigServletWebServerApplicationContext : Refreshing org.springframework.boot.web.servlet.context.AnnotationConfigServletWebServerApplicationContext@1b1473ab: startup date [Fri Mar 30 10:53:55 CEST 2018]; root of context hierarchy
2018-03-30 10:53:57.454  INFO 8700 --- [main] f.a.AutowiredAnnotationBeanPostProcessor : JSR-330 'javax.inject.Inject' annotation found and supported for autowiring
2018-03-30 10:53:57.642  INFO 8700 --- [main] trationDelegate$BeanPostProcessorChecker : Bean 'org.springframework.transaction.annotation.ProxyTransactionManagementConfiguration' of type [org.springframework.transaction.annotation.ProxyTransactionManagementConfiguration$$EnhancerBySpringCGLIB$$eb2565c1] is not eligible for getting processed by all BeanPostProcessors (for example: not eligible for auto-proxying)
2018-03-30 10:53:58.014  INFO 8700 --- [main] o.s.b.w.embedded.tomcat.TomcatWebServer  : Tomcat initialized with port(s): 8080 (http)
2018-03-30 10:53:58.061  INFO 8700 --- [main] o.apache.catalina.core.StandardService   : Starting service [Tomcat]
2018-03-30 10:53:58.061  INFO 8700 --- [main] org.apache.catalina.core.StandardEngine  : Starting Servlet Engine: Apache Tomcat/8.5.28
2018-03-30 10:53:58.077  INFO 8700 --- [localhost-startStop-1] o.a.catalina.core.AprLifecycleListener   : The APR based Apache Tomcat Native library which allows optimal performance in production environments was not found on the java.library.path: [C:\Program Files\Java\jdk1.8.0_121\bin;C:\Windows\Sun\Java\bin;C:\Windows\system32;C:\Windows;C:\Program Files\Docker\Docker\Resources\bin;C:\ProgramData\Oracle\Java\javapath;C:\oracle\product\10.2.0\client_1\bin;C:\Windows\system32;C:\Windows;C:\Windows\System32\Wbem;C:\Windows\System32\WindowsPowerShell\v1.0\;C:\Program Files (x86)\Windows Imaging\;C:\DEV\maven\bin;C:\Program Files (x86)\Windows Kits\8.1\Windows Performance Toolkit\;C:\Program Files\Git\cmd;C:\Program Files\Git\mingw64\bin;C:\Program Files\Git\usr\bin;C:\Program Files\TortoiseSVN\bin;C:\Program Files\nodejs\;C:\Gradle\bin;C:\Users\trubalu\AppData\Local\Microsoft\WindowsApps;C:\Program Files (x86)\Microsoft VS Code\bin;C:\Users\trubalu\AppData\Roaming\npm;C:\Program Files (x86)\Nmap;.]
2018-03-30 10:53:58.342  INFO 8700 --- [localhost-startStop-1] o.a.c.c.C.[Tomcat].[localhost].[/]       : Initializing Spring embedded WebApplicationContext
2018-03-30 10:53:58.342  INFO 8700 --- [localhost-startStop-1] o.s.web.context.ContextLoader            : Root WebApplicationContext: initialization completed in 2560 ms
2018-03-30 10:54:00.265  INFO 8700 --- [localhost-startStop-1] o.s.b.w.servlet.ServletRegistrationBean  : Servlet dispatcherServlet mapped to [/]
2018-03-30 10:54:00.269  INFO 8700 --- [localhost-startStop-1] o.s.b.w.servlet.ServletRegistrationBean  : Servlet webServlet mapped to [/h2/*]
2018-03-30 10:54:00.273  INFO 8700 --- [localhost-startStop-1] o.s.b.w.servlet.FilterRegistrationBean   : Mapping filter: 'characterEncodingFilter' to: [/*]
2018-03-30 10:54:00.273  INFO 8700 --- [localhost-startStop-1] o.s.b.w.servlet.FilterRegistrationBean   : Mapping filter: 'hiddenHttpMethodFilter' to: [/*]
2018-03-30 10:54:00.273  INFO 8700 --- [localhost-startStop-1] o.s.b.w.servlet.FilterRegistrationBean   : Mapping filter: 'httpPutFormContentFilter' to: [/*]
2018-03-30 10:54:00.277  INFO 8700 --- [localhost-startStop-1] o.s.b.w.servlet.FilterRegistrationBean   : Mapping filter: 'requestContextFilter' to: [/*]
2018-03-30 10:54:00.277  INFO 8700 --- [localhost-startStop-1] o.s.b.w.servlet.FilterRegistrationBean   : Mapping filter: 'httpTraceFilter' to: [/*]
2018-03-30 10:54:00.277  INFO 8700 --- [localhost-startStop-1] o.s.b.w.servlet.FilterRegistrationBean   : Mapping filter: 'webMvcMetricsFilter' to: [/*]
2018-03-30 10:54:00.817  INFO 8700 --- [main] com.zaxxer.hikari.HikariDataSource       : HikariPool-1 - Starting...
2018-03-30 10:54:01.149  INFO 8700 --- [main] com.zaxxer.hikari.HikariDataSource       : HikariPool-1 - Start completed.
2018-03-30 10:54:01.225  INFO 8700 --- [main] j.LocalContainerEntityManagerFactoryBean : Building JPA container EntityManagerFactory for persistence unit 'default'
2018-03-30 10:54:01.241  INFO 8700 --- [main] o.hibernate.jpa.internal.util.LogHelper  : HHH000204: Processing PersistenceUnitInfo [
	name: default
	...]
2018-03-30 10:54:01.377  INFO 8700 --- [main] org.hibernate.Version                    : HHH000412: Hibernate Core {5.2.1.Final}
2018-03-30 10:54:01.377  INFO 8700 --- [main] org.hibernate.cfg.Environment            : HHH000206: hibernate.properties not found
2018-03-30 10:54:01.377  INFO 8700 --- [main] org.hibernate.cfg.Environment            : HHH000021: Bytecode provider name : javassist
2018-03-30 10:54:01.477  INFO 8700 --- [main] o.hibernate.annotations.common.Version   : HCANN000001: Hibernate Commons Annotations {5.0.1.Final}
2018-03-30 10:54:01.735  INFO 8700 --- [main] org.hibernate.dialect.Dialect            : HHH000400: Using dialect: org.hibernate.dialect.H2Dialect
2018-03-30 10:54:02.571  INFO 8700 --- [main] o.h.t.schema.internal.SchemaCreatorImpl  : HHH000476: Executing import script 'org.hibernate.tool.schema.internal.exec.ScriptSourceInputNonExistentImpl@7bdf61ad'
2018-03-30 10:54:02.586  INFO 8700 --- [main] j.LocalContainerEntityManagerFactoryBean : Initialized JPA EntityManagerFactory for persistence unit 'default'
2018-03-30 10:54:03.117  INFO 8700 --- [main] o.h.h.i.QueryTranslatorFactoryInitiator  : HHH000397: Using ASTQueryTranslatorFactory
2018-03-30 10:54:03.680  INFO 8700 --- [main] s.w.s.m.m.a.RequestMappingHandlerAdapter : Looking for @ControllerAdvice: org.springframework.boot.web.servlet.context.AnnotationConfigServletWebServerApplicationContext@1b1473ab: startup date [Fri Mar 30 10:53:55 CEST 2018]; root of context hierarchy
2018-03-30 10:54:03.727  WARN 8700 --- [main] aWebConfiguration$JpaWebMvcConfiguration : spring.jpa.open-in-view is enabled by default. Therefore, database queries may be performed during view rendering. Explicitly configure spring.jpa.open-in-view to disable this warning
2018-03-30 10:54:03.758  INFO 8700 --- [main] s.w.s.m.m.a.RequestMappingHandlerMapping : Mapped "{[/api/cars],methods=[GET],consumes=[application/json],produces=[application/json]}" onto org.springframework.http.ResponseEntity<com.ipf.automaticcarsgame.dto.Response<java.util.List<com.ipf.automaticcarsgame.domain.Car>>> com.ipf.automaticcarsgame.rest.CarController.findAll()
2018-03-30 10:54:03.758  INFO 8700 --- [main] s.w.s.m.m.a.RequestMappingHandlerMapping : Mapped "{[/api/cars],methods=[POST],consumes=[application/json],produces=[application/json]}" onto org.springframework.http.ResponseEntity<com.ipf.automaticcarsgame.dto.Response<java.lang.Void>> com.ipf.automaticcarsgame.rest.CarController.createCar(com.ipf.automaticcarsgame.dto.car.CarRequest)
2018-03-30 10:54:03.758  INFO 8700 --- [main] s.w.s.m.m.a.RequestMappingHandlerMapping : Mapped "{[/api/cars],methods=[DELETE],consumes=[application/json],produces=[application/json]}" onto org.springframework.http.ResponseEntity<com.ipf.automaticcarsgame.dto.Response<java.lang.Void>> com.ipf.automaticcarsgame.rest.CarController.removeCar(com.ipf.automaticcarsgame.dto.car.CarRequest)
2018-03-30 10:54:03.758  INFO 8700 --- [main] s.w.s.m.m.a.RequestMappingHandlerMapping : Mapped "{[/api/games],methods=[POST],consumes=[application/json],produces=[application/json]}" onto org.springframework.http.ResponseEntity<com.ipf.automaticcarsgame.dto.Response<java.lang.Void>> com.ipf.automaticcarsgame.rest.GameController.createGame(com.ipf.automaticcarsgame.dto.game.GameRequest)
2018-03-30 10:54:03.758  INFO 8700 --- [main] s.w.s.m.m.a.RequestMappingHandlerMapping : Mapped "{[/api/games/cars],methods=[POST],consumes=[application/json],produces=[application/json]}" onto org.springframework.http.ResponseEntity<com.ipf.automaticcarsgame.dto.Response<java.lang.Void>> com.ipf.automaticcarsgame.rest.GameController.addCarToGame(com.ipf.automaticcarsgame.dto.game.GameCarRequest)
2018-03-30 10:54:03.774  INFO 8700 --- [main] s.w.s.m.m.a.RequestMappingHandlerMapping : Mapped "{[/api/maps],methods=[GET],consumes=[application/json],produces=[application/json]}" onto org.springframework.http.ResponseEntity<com.ipf.automaticcarsgame.dto.Response<java.util.List<com.ipf.automaticcarsgame.domain.Roadmap>>> com.ipf.automaticcarsgame.rest.RoadmapController.findAll()
2018-03-30 10:54:03.774  INFO 8700 --- [main] s.w.s.m.m.a.RequestMappingHandlerMapping : Mapped "{[/api/maps/{name}],methods=[DELETE],consumes=[application/json],produces=[application/json]}" onto org.springframework.http.ResponseEntity<com.ipf.automaticcarsgame.dto.Response<java.lang.Void>> com.ipf.automaticcarsgame.rest.RoadmapController.deleteRoadmap(java.lang.String)
2018-03-30 10:54:03.774  INFO 8700 --- [main] s.w.s.m.m.a.RequestMappingHandlerMapping : Mapped "{[/api/maps],methods=[POST],consumes=[multipart/form-data],produces=[application/json]}" onto org.springframework.http.ResponseEntity<com.ipf.automaticcarsgame.dto.Response<java.lang.Void>> com.ipf.automaticcarsgame.rest.RoadmapController.createRoadmap(java.lang.String,org.springframework.web.multipart.MultipartFile) throws java.io.IOException
2018-03-30 10:54:03.774  INFO 8700 --- [main] s.w.s.m.m.a.RequestMappingHandlerMapping : Mapped "{[/error]}" onto public org.springframework.http.ResponseEntity<java.util.Map<java.lang.String, java.lang.Object>> org.springframework.boot.autoconfigure.web.servlet.error.BasicErrorController.error(javax.servlet.http.HttpServletRequest)
2018-03-30 10:54:03.774  INFO 8700 --- [main] s.w.s.m.m.a.RequestMappingHandlerMapping : Mapped "{[/error],produces=[text/html]}" onto public org.springframework.web.servlet.ModelAndView org.springframework.boot.autoconfigure.web.servlet.error.BasicErrorController.errorHtml(javax.servlet.http.HttpServletRequest,javax.servlet.http.HttpServletResponse)
2018-03-30 10:54:03.805  INFO 8700 --- [main] o.s.w.s.handler.SimpleUrlHandlerMapping  : Mapped URL path [/webjars/**] onto handler of type [class org.springframework.web.servlet.resource.ResourceHttpRequestHandler]
2018-03-30 10:54:03.805  INFO 8700 --- [main] o.s.w.s.handler.SimpleUrlHandlerMapping  : Mapped URL path [/**] onto handler of type [class org.springframework.web.servlet.resource.ResourceHttpRequestHandler]
2018-03-30 10:54:03.867  INFO 8700 --- [main] o.s.w.s.handler.SimpleUrlHandlerMapping  : Mapped URL path [/**/favicon.ico] onto handler of type [class org.springframework.web.servlet.resource.ResourceHttpRequestHandler]
2018-03-30 10:54:04.289  INFO 8700 --- [main] s.b.a.e.w.s.WebMvcEndpointHandlerMapping : Mapped "{[/actuator/health],methods=[GET],produces=[application/vnd.spring-boot.actuator.v2+json || application/json]}" onto public java.lang.Object org.springframework.boot.actuate.endpoint.web.servlet.AbstractWebMvcEndpointHandlerMapping$OperationHandler.handle(javax.servlet.http.HttpServletRequest,java.util.Map<java.lang.String, java.lang.String>)
2018-03-30 10:54:04.289  INFO 8700 --- [main] s.b.a.e.w.s.WebMvcEndpointHandlerMapping : Mapped "{[/actuator/info],methods=[GET],produces=[application/vnd.spring-boot.actuator.v2+json || application/json]}" onto public java.lang.Object org.springframework.boot.actuate.endpoint.web.servlet.AbstractWebMvcEndpointHandlerMapping$OperationHandler.handle(javax.servlet.http.HttpServletRequest,java.util.Map<java.lang.String, java.lang.String>)
2018-03-30 10:54:04.289  INFO 8700 --- [main] s.b.a.e.w.s.WebMvcEndpointHandlerMapping : Mapped "{[/actuator],methods=[GET],produces=[application/vnd.spring-boot.actuator.v2+json || application/json]}" onto protected java.util.Map<java.lang.String, java.util.Map<java.lang.String, org.springframework.boot.actuate.endpoint.web.Link>> org.springframework.boot.actuate.endpoint.web.servlet.WebMvcEndpointHandlerMapping.links(javax.servlet.http.HttpServletRequest,javax.servlet.http.HttpServletResponse)
2018-03-30 10:54:04.383  INFO 8700 --- [main] o.s.j.e.a.AnnotationMBeanExporter        : Registering beans for JMX exposure on startup
2018-03-30 10:54:04.383  INFO 8700 --- [main] o.s.j.e.a.AnnotationMBeanExporter        : Bean with name 'dataSource' has been autodetected for JMX exposure
2018-03-30 10:54:04.383  INFO 8700 --- [main] o.s.j.e.a.AnnotationMBeanExporter        : Located MBean 'dataSource': registering with JMX server as MBean [com.zaxxer.hikari:name=dataSource,type=HikariDataSource]
2018-03-30 10:54:04.430  INFO 8700 --- [main] o.s.b.w.embedded.tomcat.TomcatWebServer  : Tomcat started on port(s): 8080 (http) with context path ''
2018-03-30 10:54:04.446  INFO 8700 --- [main] c.i.a.AutomaticCarsGameApplication       : Started AutomaticCarsGameApplication in 9.255 seconds (JVM running for 11.499)
2018-03-30 10:54:07.609  INFO 8700 --- [http-nio-8080-exec-7] o.a.c.c.C.[Tomcat].[localhost].[/]       : Initializing Spring FrameworkServlet 'dispatcherServlet'
2018-03-30 10:54:07.609  INFO 8700 --- [http-nio-8080-exec-7] o.s.web.servlet.DispatcherServlet        : FrameworkServlet 'dispatcherServlet': initialization started
2018-03-30 10:54:07.671  INFO 8700 --- [http-nio-8080-exec-7] o.s.web.servlet.DispatcherServlet        : FrameworkServlet 'dispatcherServlet': initialization completed in 62 ms
2018-03-30 10:55:32.798  INFO 12560 --- [main] c.i.a.AutomaticCarsGameApplication       : Starting AutomaticCarsGameApplication on LHQ00712 with PID 12560 (C:\Users\trubalu\Documents\workspace\ipf\ipf-automatic-cars-game\target\classes started by trubalu in C:\Users\trubalu\Documents\workspace\ipf\ipf-automatic-cars-game)
2018-03-30 10:55:32.798  INFO 12560 --- [main] c.i.a.AutomaticCarsGameApplication       : No active profile set, falling back to default profiles: default
2018-03-30 10:55:32.939  INFO 12560 --- [main] ConfigServletWebServerApplicationContext : Refreshing org.springframework.boot.web.servlet.context.AnnotationConfigServletWebServerApplicationContext@49b0b76: startup date [Fri Mar 30 10:55:32 CEST 2018]; root of context hierarchy
2018-03-30 10:55:34.205  INFO 12560 --- [main] f.a.AutowiredAnnotationBeanPostProcessor : JSR-330 'javax.inject.Inject' annotation found and supported for autowiring
2018-03-30 10:55:34.346  INFO 12560 --- [main] trationDelegate$BeanPostProcessorChecker : Bean 'org.springframework.transaction.annotation.ProxyTransactionManagementConfiguration' of type [org.springframework.transaction.annotation.ProxyTransactionManagementConfiguration$$EnhancerBySpringCGLIB$$a79cee84] is not eligible for getting processed by all BeanPostProcessors (for example: not eligible for auto-proxying)
2018-03-30 10:55:34.674  INFO 12560 --- [main] o.s.b.w.embedded.tomcat.TomcatWebServer  : Tomcat initialized with port(s): 8080 (http)
2018-03-30 10:55:34.690  INFO 12560 --- [main] o.apache.catalina.core.StandardService   : Starting service [Tomcat]
2018-03-30 10:55:34.690  INFO 12560 --- [main] org.apache.catalina.core.StandardEngine  : Starting Servlet Engine: Apache Tomcat/8.5.28
2018-03-30 10:55:34.690  INFO 12560 --- [localhost-startStop-1] o.a.catalina.core.AprLifecycleListener   : The APR based Apache Tomcat Native library which allows optimal performance in production environments was not found on the java.library.path: [C:\Program Files\Java\jdk1.8.0_121\bin;C:\Windows\Sun\Java\bin;C:\Windows\system32;C:\Windows;C:\Program Files\Docker\Docker\Resources\bin;C:\ProgramData\Oracle\Java\javapath;C:\oracle\product\10.2.0\client_1\bin;C:\Windows\system32;C:\Windows;C:\Windows\System32\Wbem;C:\Windows\System32\WindowsPowerShell\v1.0\;C:\Program Files (x86)\Windows Imaging\;C:\DEV\maven\bin;C:\Program Files (x86)\Windows Kits\8.1\Windows Performance Toolkit\;C:\Program Files\Git\cmd;C:\Program Files\Git\mingw64\bin;C:\Program Files\Git\usr\bin;C:\Program Files\TortoiseSVN\bin;C:\Program Files\nodejs\;C:\Gradle\bin;C:\Users\trubalu\AppData\Local\Microsoft\WindowsApps;C:\Program Files (x86)\Microsoft VS Code\bin;C:\Users\trubalu\AppData\Roaming\npm;C:\Program Files (x86)\Nmap;.]
2018-03-30 10:55:34.986  INFO 12560 --- [localhost-startStop-1] o.a.c.c.C.[Tomcat].[localhost].[/]       : Initializing Spring embedded WebApplicationContext
2018-03-30 10:55:34.986  INFO 12560 --- [localhost-startStop-1] o.s.web.context.ContextLoader            : Root WebApplicationContext: initialization completed in 2047 ms
2018-03-30 10:55:36.032  INFO 12560 --- [localhost-startStop-1] o.s.b.w.servlet.ServletRegistrationBean  : Servlet dispatcherServlet mapped to [/]
2018-03-30 10:55:36.032  INFO 12560 --- [localhost-startStop-1] o.s.b.w.servlet.ServletRegistrationBean  : Servlet webServlet mapped to [/h2/*]
2018-03-30 10:55:36.032  INFO 12560 --- [localhost-startStop-1] o.s.b.w.servlet.FilterRegistrationBean   : Mapping filter: 'characterEncodingFilter' to: [/*]
2018-03-30 10:55:36.032  INFO 12560 --- [localhost-startStop-1] o.s.b.w.servlet.FilterRegistrationBean   : Mapping filter: 'hiddenHttpMethodFilter' to: [/*]
2018-03-30 10:55:36.032  INFO 12560 --- [localhost-startStop-1] o.s.b.w.servlet.FilterRegistrationBean   : Mapping filter: 'httpPutFormContentFilter' to: [/*]
2018-03-30 10:55:36.048  INFO 12560 --- [localhost-startStop-1] o.s.b.w.servlet.FilterRegistrationBean   : Mapping filter: 'requestContextFilter' to: [/*]
2018-03-30 10:55:36.048  INFO 12560 --- [localhost-startStop-1] o.s.b.w.servlet.FilterRegistrationBean   : Mapping filter: 'httpTraceFilter' to: [/*]
2018-03-30 10:55:36.048  INFO 12560 --- [localhost-startStop-1] o.s.b.w.servlet.FilterRegistrationBean   : Mapping filter: 'webMvcMetricsFilter' to: [/*]
2018-03-30 10:55:36.173  INFO 12560 --- [main] com.zaxxer.hikari.HikariDataSource       : HikariPool-1 - Starting...
2018-03-30 10:55:36.423  INFO 12560 --- [main] com.zaxxer.hikari.HikariDataSource       : HikariPool-1 - Start completed.
2018-03-30 10:55:36.469  INFO 12560 --- [main] j.LocalContainerEntityManagerFactoryBean : Building JPA container EntityManagerFactory for persistence unit 'default'
2018-03-30 10:55:36.485  INFO 12560 --- [main] o.hibernate.jpa.internal.util.LogHelper  : HHH000204: Processing PersistenceUnitInfo [
	name: default
	...]
2018-03-30 10:55:36.548  INFO 12560 --- [main] org.hibernate.Version                    : HHH000412: Hibernate Core {5.2.1.Final}
2018-03-30 10:55:36.563  INFO 12560 --- [main] org.hibernate.cfg.Environment            : HHH000206: hibernate.properties not found
2018-03-30 10:55:36.563  INFO 12560 --- [main] org.hibernate.cfg.Environment            : HHH000021: Bytecode provider name : javassist
2018-03-30 10:55:36.610  INFO 12560 --- [main] o.hibernate.annotations.common.Version   : HCANN000001: Hibernate Commons Annotations {5.0.1.Final}
2018-03-30 10:55:36.764  INFO 12560 --- [main] org.hibernate.dialect.Dialect            : HHH000400: Using dialect: org.hibernate.dialect.H2Dialect
2018-03-30 10:55:36.952  WARN 12560 --- [main] ConfigServletWebServerApplicationContext : Exception encountered during context initialization - cancelling refresh attempt: org.springframework.beans.factory.BeanCreationException: Error creating bean with name 'entityManagerFactory' defined in class path resource [org/springframework/boot/autoconfigure/orm/jpa/HibernateJpaConfiguration.class]: Invocation of init method failed; nested exception is org.hibernate.AnnotationException: No identifier specified for entity: com.ipf.automaticcarsgame.domain.RoadmapPosition
2018-03-30 10:55:36.952  INFO 12560 --- [main] com.zaxxer.hikari.HikariDataSource       : HikariPool-1 - Shutdown initiated...
2018-03-30 10:55:36.952  INFO 12560 --- [main] com.zaxxer.hikari.HikariDataSource       : HikariPool-1 - Shutdown completed.
2018-03-30 10:55:36.952  INFO 12560 --- [main] o.apache.catalina.core.StandardService   : Stopping service [Tomcat]
2018-03-30 10:55:36.984  INFO 12560 --- [main] ConditionEvaluationReportLoggingListener : 

Error starting ApplicationContext. To display the conditions report re-run your application with 'debug' enabled.
2018-03-30 10:55:36.999 ERROR 12560 --- [main] o.s.boot.SpringApplication               : Application run failed

org.springframework.beans.factory.BeanCreationException: Error creating bean with name 'entityManagerFactory' defined in class path resource [org/springframework/boot/autoconfigure/orm/jpa/HibernateJpaConfiguration.class]: Invocation of init method failed; nested exception is org.hibernate.AnnotationException: No identifier specified for entity: com.ipf.automaticcarsgame.domain.RoadmapPosition
	at org.springframework.beans.factory.support.AbstractAutowireCapableBeanFactory.initializeBean(AbstractAutowireCapableBeanFactory.java:1710) ~[spring-beans-5.0.4.RELEASE.jar:5.0.4.RELEASE]
	at org.springframework.beans.factory.support.AbstractAutowireCapableBeanFactory.doCreateBean(AbstractAutowireCapableBeanFactory.java:583) ~[spring-beans-5.0.4.RELEASE.jar:5.0.4.RELEASE]
	at org.springframework.beans.factory.support.AbstractAutowireCapableBeanFactory.createBean(AbstractAutowireCapableBeanFactory.java:502) ~[spring-beans-5.0.4.RELEASE.jar:5.0.4.RELEASE]
	at org.springframework.beans.factory.support.AbstractBeanFactory.lambda$doGetBean$0(AbstractBeanFactory.java:312) ~[spring-beans-5.0.4.RELEASE.jar:5.0.4.RELEASE]
	at org.springframework.beans.factory.support.DefaultSingletonBeanRegistry.getSingleton(DefaultSingletonBeanRegistry.java:228) ~[spring-beans-5.0.4.RELEASE.jar:5.0.4.RELEASE]
	at org.springframework.beans.factory.support.AbstractBeanFactory.doGetBean(AbstractBeanFactory.java:310) ~[spring-beans-5.0.4.RELEASE.jar:5.0.4.RELEASE]
	at org.springframework.beans.factory.support.AbstractBeanFactory.getBean(AbstractBeanFactory.java:200) ~[spring-beans-5.0.4.RELEASE.jar:5.0.4.RELEASE]
	at org.springframework.context.support.AbstractApplicationContext.getBean(AbstractApplicationContext.java:1085) ~[spring-context-5.0.4.RELEASE.jar:5.0.4.RELEASE]
	at org.springframework.context.support.AbstractApplicationContext.finishBeanFactoryInitialization(AbstractApplicationContext.java:858) ~[spring-context-5.0.4.RELEASE.jar:5.0.4.RELEASE]
	at org.springframework.context.support.AbstractApplicationContext.refresh(AbstractApplicationContext.java:549) ~[spring-context-5.0.4.RELEASE.jar:5.0.4.RELEASE]
	at org.springframework.boot.web.servlet.context.ServletWebServerApplicationContext.refresh(ServletWebServerApplicationContext.java:140) ~[spring-boot-2.0.0.RELEASE.jar:2.0.0.RELEASE]
	at org.springframework.boot.SpringApplication.refresh(SpringApplication.java:752) [spring-boot-2.0.0.RELEASE.jar:2.0.0.RELEASE]
	at org.springframework.boot.SpringApplication.refreshContext(SpringApplication.java:388) [spring-boot-2.0.0.RELEASE.jar:2.0.0.RELEASE]
	at org.springframework.boot.SpringApplication.run(SpringApplication.java:327) [spring-boot-2.0.0.RELEASE.jar:2.0.0.RELEASE]
	at org.springframework.boot.SpringApplication.run(SpringApplication.java:1246) [spring-boot-2.0.0.RELEASE.jar:2.0.0.RELEASE]
	at org.springframework.boot.SpringApplication.run(SpringApplication.java:1234) [spring-boot-2.0.0.RELEASE.jar:2.0.0.RELEASE]
	at com.ipf.automaticcarsgame.AutomaticCarsGameApplication.main(AutomaticCarsGameApplication.java:10) [classes/:na]
Caused by: org.hibernate.AnnotationException: No identifier specified for entity: com.ipf.automaticcarsgame.domain.RoadmapPosition
	at org.hibernate.cfg.InheritanceState.determineDefaultAccessType(InheritanceState.java:266) ~[hibernate-core-5.2.1.Final.jar:5.2.1.Final]
	at org.hibernate.cfg.InheritanceState.getElementsToProcess(InheritanceState.java:211) ~[hibernate-core-5.2.1.Final.jar:5.2.1.Final]
	at org.hibernate.cfg.AnnotationBinder.bindClass(AnnotationBinder.java:719) ~[hibernate-core-5.2.1.Final.jar:5.2.1.Final]
	at org.hibernate.boot.model.source.internal.annotations.AnnotationMetadataSourceProcessorImpl.processEntityHierarchies(AnnotationMetadataSourceProcessorImpl.java:245) ~[hibernate-core-5.2.1.Final.jar:5.2.1.Final]
	at org.hibernate.boot.model.process.spi.MetadataBuildingProcess$1.processEntityHierarchies(MetadataBuildingProcess.java:222) ~[hibernate-core-5.2.1.Final.jar:5.2.1.Final]
	at org.hibernate.boot.model.process.spi.MetadataBuildingProcess.complete(MetadataBuildingProcess.java:265) ~[hibernate-core-5.2.1.Final.jar:5.2.1.Final]
	at org.hibernate.jpa.boot.internal.EntityManagerFactoryBuilderImpl.metadata(EntityManagerFactoryBuilderImpl.java:857) ~[hibernate-core-5.2.1.Final.jar:5.2.1.Final]
	at org.hibernate.jpa.boot.internal.EntityManagerFactoryBuilderImpl.build(EntityManagerFactoryBuilderImpl.java:884) ~[hibernate-core-5.2.1.Final.jar:5.2.1.Final]
	at org.springframework.orm.jpa.vendor.SpringHibernateJpaPersistenceProvider.createContainerEntityManagerFactory(SpringHibernateJpaPersistenceProvider.java:57) ~[spring-orm-5.0.4.RELEASE.jar:5.0.4.RELEASE]
	at org.springframework.orm.jpa.LocalContainerEntityManagerFactoryBean.createNativeEntityManagerFactory(LocalContainerEntityManagerFactoryBean.java:365) ~[spring-orm-5.0.4.RELEASE.jar:5.0.4.RELEASE]
	at org.springframework.orm.jpa.AbstractEntityManagerFactoryBean.buildNativeEntityManagerFactory(AbstractEntityManagerFactoryBean.java:388) ~[spring-orm-5.0.4.RELEASE.jar:5.0.4.RELEASE]
	at org.springframework.orm.jpa.AbstractEntityManagerFactoryBean.afterPropertiesSet(AbstractEntityManagerFactoryBean.java:377) ~[spring-orm-5.0.4.RELEASE.jar:5.0.4.RELEASE]
	at org.springframework.orm.jpa.LocalContainerEntityManagerFactoryBean.afterPropertiesSet(LocalContainerEntityManagerFactoryBean.java:341) ~[spring-orm-5.0.4.RELEASE.jar:5.0.4.RELEASE]
	at org.springframework.beans.factory.support.AbstractAutowireCapableBeanFactory.invokeInitMethods(AbstractAutowireCapableBeanFactory.java:1769) ~[spring-beans-5.0.4.RELEASE.jar:5.0.4.RELEASE]
	at org.springframework.beans.factory.support.AbstractAutowireCapableBeanFactory.initializeBean(AbstractAutowireCapableBeanFactory.java:1706) ~[spring-beans-5.0.4.RELEASE.jar:5.0.4.RELEASE]
	... 16 common frames omitted

2018-03-30 22:41:14.941  INFO 14988 --- [main] c.i.a.AutomaticCarsGameApplication       : Starting AutomaticCarsGameApplication on LHQ00712 with PID 14988 (C:\Users\trubalu\Documents\workspace\ipf\ipf-automatic-cars-game\target\classes started by trubalu in C:\Users\trubalu\Documents\workspace\ipf\ipf-automatic-cars-game)
2018-03-30 22:41:14.956  INFO 14988 --- [main] c.i.a.AutomaticCarsGameApplication       : No active profile set, falling back to default profiles: default
2018-03-30 22:41:15.003  INFO 14988 --- [main] ConfigServletWebServerApplicationContext : Refreshing org.springframework.boot.web.servlet.context.AnnotationConfigServletWebServerApplicationContext@69b2283a: startup date [Fri Mar 30 22:41:15 CEST 2018]; root of context hierarchy
2018-03-30 22:41:16.534  INFO 14988 --- [main] f.a.AutowiredAnnotationBeanPostProcessor : JSR-330 'javax.inject.Inject' annotation found and supported for autowiring
2018-03-30 22:41:16.700  INFO 14988 --- [main] trationDelegate$BeanPostProcessorChecker : Bean 'org.springframework.transaction.annotation.ProxyTransactionManagementConfiguration' of type [org.springframework.transaction.annotation.ProxyTransactionManagementConfiguration$$EnhancerBySpringCGLIB$$9c4ebe38] is not eligible for getting processed by all BeanPostProcessors (for example: not eligible for auto-proxying)
2018-03-30 22:41:17.059  INFO 14988 --- [main] o.s.b.w.embedded.tomcat.TomcatWebServer  : Tomcat initialized with port(s): 8080 (http)
2018-03-30 22:41:17.090  INFO 14988 --- [main] o.apache.catalina.core.StandardService   : Starting service [Tomcat]
2018-03-30 22:41:17.090  INFO 14988 --- [main] org.apache.catalina.core.StandardEngine  : Starting Servlet Engine: Apache Tomcat/8.5.28
2018-03-30 22:41:17.090  INFO 14988 --- [localhost-startStop-1] o.a.catalina.core.AprLifecycleListener   : The APR based Apache Tomcat Native library which allows optimal performance in production environments was not found on the java.library.path: [C:\Program Files\Java\jdk1.8.0_121\bin;C:\Windows\Sun\Java\bin;C:\Windows\system32;C:\Windows;C:\Program Files\Docker\Docker\Resources\bin;C:\ProgramData\Oracle\Java\javapath;C:\oracle\product\10.2.0\client_1\bin;C:\Windows\system32;C:\Windows;C:\Windows\System32\Wbem;C:\Windows\System32\WindowsPowerShell\v1.0\;C:\Program Files (x86)\Windows Imaging\;C:\DEV\maven\bin;C:\Program Files (x86)\Windows Kits\8.1\Windows Performance Toolkit\;C:\Program Files\Git\cmd;C:\Program Files\Git\mingw64\bin;C:\Program Files\Git\usr\bin;C:\Program Files\TortoiseSVN\bin;C:\Program Files\nodejs\;C:\Gradle\bin;C:\Users\trubalu\AppData\Local\Microsoft\WindowsApps;C:\Program Files (x86)\Microsoft VS Code\bin;C:\Users\trubalu\AppData\Roaming\npm;C:\Program Files (x86)\Nmap;.]
2018-03-30 22:41:17.340  INFO 14988 --- [localhost-startStop-1] o.a.c.c.C.[Tomcat].[localhost].[/]       : Initializing Spring embedded WebApplicationContext
2018-03-30 22:41:17.340  INFO 14988 --- [localhost-startStop-1] o.s.web.context.ContextLoader            : Root WebApplicationContext: initialization completed in 2337 ms
2018-03-30 22:41:18.262  INFO 14988 --- [localhost-startStop-1] o.s.b.w.servlet.ServletRegistrationBean  : Servlet dispatcherServlet mapped to [/]
2018-03-30 22:41:18.262  INFO 14988 --- [localhost-startStop-1] o.s.b.w.servlet.ServletRegistrationBean  : Servlet webServlet mapped to [/h2/*]
2018-03-30 22:41:18.262  INFO 14988 --- [localhost-startStop-1] o.s.b.w.servlet.FilterRegistrationBean   : Mapping filter: 'characterEncodingFilter' to: [/*]
2018-03-30 22:41:18.262  INFO 14988 --- [localhost-startStop-1] o.s.b.w.servlet.FilterRegistrationBean   : Mapping filter: 'hiddenHttpMethodFilter' to: [/*]
2018-03-30 22:41:18.262  INFO 14988 --- [localhost-startStop-1] o.s.b.w.servlet.FilterRegistrationBean   : Mapping filter: 'httpPutFormContentFilter' to: [/*]
2018-03-30 22:41:18.262  INFO 14988 --- [localhost-startStop-1] o.s.b.w.servlet.FilterRegistrationBean   : Mapping filter: 'requestContextFilter' to: [/*]
2018-03-30 22:41:18.262  INFO 14988 --- [localhost-startStop-1] o.s.b.w.servlet.FilterRegistrationBean   : Mapping filter: 'httpTraceFilter' to: [/*]
2018-03-30 22:41:18.262  INFO 14988 --- [localhost-startStop-1] o.s.b.w.servlet.FilterRegistrationBean   : Mapping filter: 'webMvcMetricsFilter' to: [/*]
2018-03-30 22:41:18.356  INFO 14988 --- [main] com.zaxxer.hikari.HikariDataSource       : HikariPool-1 - Starting...
2018-03-30 22:41:18.606  INFO 14988 --- [main] com.zaxxer.hikari.HikariDataSource       : HikariPool-1 - Start completed.
2018-03-30 22:41:18.668  INFO 14988 --- [main] j.LocalContainerEntityManagerFactoryBean : Building JPA container EntityManagerFactory for persistence unit 'default'
2018-03-30 22:41:18.684  INFO 14988 --- [main] o.hibernate.jpa.internal.util.LogHelper  : HHH000204: Processing PersistenceUnitInfo [
	name: default
	...]
2018-03-30 22:41:18.746  INFO 14988 --- [main] org.hibernate.Version                    : HHH000412: Hibernate Core {5.2.1.Final}
2018-03-30 22:41:18.746  INFO 14988 --- [main] org.hibernate.cfg.Environment            : HHH000206: hibernate.properties not found
2018-03-30 22:41:18.746  INFO 14988 --- [main] org.hibernate.cfg.Environment            : HHH000021: Bytecode provider name : javassist
2018-03-30 22:41:18.809  INFO 14988 --- [main] o.hibernate.annotations.common.Version   : HCANN000001: Hibernate Commons Annotations {5.0.1.Final}
2018-03-30 22:41:18.965  INFO 14988 --- [main] org.hibernate.dialect.Dialect            : HHH000400: Using dialect: org.hibernate.dialect.H2Dialect
2018-03-30 22:41:19.731  INFO 14988 --- [main] o.h.t.schema.internal.SchemaCreatorImpl  : HHH000476: Executing import script 'org.hibernate.tool.schema.internal.exec.ScriptSourceInputNonExistentImpl@488f3dd1'
2018-03-30 22:41:19.731  INFO 14988 --- [main] j.LocalContainerEntityManagerFactoryBean : Initialized JPA EntityManagerFactory for persistence unit 'default'
2018-03-30 22:41:20.127  INFO 14988 --- [main] o.h.h.i.QueryTranslatorFactoryInitiator  : HHH000397: Using ASTQueryTranslatorFactory
2018-03-30 22:41:20.759  INFO 14988 --- [main] s.w.s.m.m.a.RequestMappingHandlerAdapter : Looking for @ControllerAdvice: org.springframework.boot.web.servlet.context.AnnotationConfigServletWebServerApplicationContext@69b2283a: startup date [Fri Mar 30 22:41:15 CEST 2018]; root of context hierarchy
2018-03-30 22:41:20.790  WARN 14988 --- [main] aWebConfiguration$JpaWebMvcConfiguration : spring.jpa.open-in-view is enabled by default. Therefore, database queries may be performed during view rendering. Explicitly configure spring.jpa.open-in-view to disable this warning
2018-03-30 22:41:20.837  INFO 14988 --- [main] s.w.s.m.m.a.RequestMappingHandlerMapping : Mapped "{[/api/cars],methods=[GET],consumes=[application/json],produces=[application/json]}" onto org.springframework.http.ResponseEntity<com.ipf.automaticcarsgame.dto.Response<java.util.List<com.ipf.automaticcarsgame.domain.Car>>> com.ipf.automaticcarsgame.rest.CarController.findAll()
2018-03-30 22:41:20.837  INFO 14988 --- [main] s.w.s.m.m.a.RequestMappingHandlerMapping : Mapped "{[/api/cars],methods=[POST],consumes=[application/json],produces=[application/json]}" onto org.springframework.http.ResponseEntity<com.ipf.automaticcarsgame.dto.Response<java.lang.Void>> com.ipf.automaticcarsgame.rest.CarController.createCar(com.ipf.automaticcarsgame.dto.car.CarRequest)
2018-03-30 22:41:20.837  INFO 14988 --- [main] s.w.s.m.m.a.RequestMappingHandlerMapping : Mapped "{[/api/cars],methods=[DELETE],consumes=[application/json],produces=[application/json]}" onto org.springframework.http.ResponseEntity<com.ipf.automaticcarsgame.dto.Response<java.lang.Void>> com.ipf.automaticcarsgame.rest.CarController.removeCar(com.ipf.automaticcarsgame.dto.car.CarRequest)
2018-03-30 22:41:20.837  INFO 14988 --- [main] s.w.s.m.m.a.RequestMappingHandlerMapping : Mapped "{[/api/games],methods=[POST],consumes=[application/json],produces=[application/json]}" onto org.springframework.http.ResponseEntity<com.ipf.automaticcarsgame.dto.Response<java.lang.Void>> com.ipf.automaticcarsgame.rest.GameController.createGame(com.ipf.automaticcarsgame.dto.game.GameRequest)
2018-03-30 22:41:20.837  INFO 14988 --- [main] s.w.s.m.m.a.RequestMappingHandlerMapping : Mapped "{[/api/games/cars],methods=[POST],consumes=[application/json],produces=[application/json]}" onto org.springframework.http.ResponseEntity<com.ipf.automaticcarsgame.dto.Response<java.lang.Void>> com.ipf.automaticcarsgame.rest.GameController.addCarToGame(com.ipf.automaticcarsgame.dto.game.GameCarRequest)
2018-03-30 22:41:20.837  INFO 14988 --- [main] s.w.s.m.m.a.RequestMappingHandlerMapping : Mapped "{[/api/maps],methods=[GET],consumes=[application/json],produces=[application/json]}" onto org.springframework.http.ResponseEntity<com.ipf.automaticcarsgame.dto.Response<java.util.List<com.ipf.automaticcarsgame.domain.Roadmap>>> com.ipf.automaticcarsgame.rest.RoadmapController.findAll()
2018-03-30 22:41:20.837  INFO 14988 --- [main] s.w.s.m.m.a.RequestMappingHandlerMapping : Mapped "{[/api/maps],methods=[POST],consumes=[multipart/form-data],produces=[application/json]}" onto org.springframework.http.ResponseEntity<com.ipf.automaticcarsgame.dto.Response<java.lang.Void>> com.ipf.automaticcarsgame.rest.RoadmapController.createRoadmap(java.lang.String,org.springframework.web.multipart.MultipartFile) throws java.io.IOException
2018-03-30 22:41:20.837  INFO 14988 --- [main] s.w.s.m.m.a.RequestMappingHandlerMapping : Mapped "{[/api/maps/{name}],methods=[DELETE],consumes=[application/json],produces=[application/json]}" onto org.springframework.http.ResponseEntity<com.ipf.automaticcarsgame.dto.Response<java.lang.Void>> com.ipf.automaticcarsgame.rest.RoadmapController.deleteRoadmap(java.lang.String)
2018-03-30 22:41:20.852  INFO 14988 --- [main] s.w.s.m.m.a.RequestMappingHandlerMapping : Mapped "{[/error]}" onto public org.springframework.http.ResponseEntity<java.util.Map<java.lang.String, java.lang.Object>> org.springframework.boot.autoconfigure.web.servlet.error.BasicErrorController.error(javax.servlet.http.HttpServletRequest)
2018-03-30 22:41:20.852  INFO 14988 --- [main] s.w.s.m.m.a.RequestMappingHandlerMapping : Mapped "{[/error],produces=[text/html]}" onto public org.springframework.web.servlet.ModelAndView org.springframework.boot.autoconfigure.web.servlet.error.BasicErrorController.errorHtml(javax.servlet.http.HttpServletRequest,javax.servlet.http.HttpServletResponse)
2018-03-30 22:41:20.884  INFO 14988 --- [main] o.s.w.s.handler.SimpleUrlHandlerMapping  : Mapped URL path [/webjars/**] onto handler of type [class org.springframework.web.servlet.resource.ResourceHttpRequestHandler]
2018-03-30 22:41:20.884  INFO 14988 --- [main] o.s.w.s.handler.SimpleUrlHandlerMapping  : Mapped URL path [/**] onto handler of type [class org.springframework.web.servlet.resource.ResourceHttpRequestHandler]
2018-03-30 22:41:20.930  INFO 14988 --- [main] o.s.w.s.handler.SimpleUrlHandlerMapping  : Mapped URL path [/**/favicon.ico] onto handler of type [class org.springframework.web.servlet.resource.ResourceHttpRequestHandler]
2018-03-30 22:41:21.320  INFO 14988 --- [main] s.b.a.e.w.s.WebMvcEndpointHandlerMapping : Mapped "{[/actuator/health],methods=[GET],produces=[application/vnd.spring-boot.actuator.v2+json || application/json]}" onto public java.lang.Object org.springframework.boot.actuate.endpoint.web.servlet.AbstractWebMvcEndpointHandlerMapping$OperationHandler.handle(javax.servlet.http.HttpServletRequest,java.util.Map<java.lang.String, java.lang.String>)
2018-03-30 22:41:21.320  INFO 14988 --- [main] s.b.a.e.w.s.WebMvcEndpointHandlerMapping : Mapped "{[/actuator/info],methods=[GET],produces=[application/vnd.spring-boot.actuator.v2+json || application/json]}" onto public java.lang.Object org.springframework.boot.actuate.endpoint.web.servlet.AbstractWebMvcEndpointHandlerMapping$OperationHandler.handle(javax.servlet.http.HttpServletRequest,java.util.Map<java.lang.String, java.lang.String>)
2018-03-30 22:41:21.320  INFO 14988 --- [main] s.b.a.e.w.s.WebMvcEndpointHandlerMapping : Mapped "{[/actuator],methods=[GET],produces=[application/vnd.spring-boot.actuator.v2+json || application/json]}" onto protected java.util.Map<java.lang.String, java.util.Map<java.lang.String, org.springframework.boot.actuate.endpoint.web.Link>> org.springframework.boot.actuate.endpoint.web.servlet.WebMvcEndpointHandlerMapping.links(javax.servlet.http.HttpServletRequest,javax.servlet.http.HttpServletResponse)
2018-03-30 22:41:21.413  INFO 14988 --- [main] o.s.j.e.a.AnnotationMBeanExporter        : Registering beans for JMX exposure on startup
2018-03-30 22:41:21.413  INFO 14988 --- [main] o.s.j.e.a.AnnotationMBeanExporter        : Bean with name 'dataSource' has been autodetected for JMX exposure
2018-03-30 22:41:21.429  INFO 14988 --- [main] o.s.j.e.a.AnnotationMBeanExporter        : Located MBean 'dataSource': registering with JMX server as MBean [com.zaxxer.hikari:name=dataSource,type=HikariDataSource]
2018-03-30 22:41:21.460  INFO 14988 --- [main] o.s.b.w.embedded.tomcat.TomcatWebServer  : Tomcat started on port(s): 8080 (http) with context path ''
2018-03-30 22:41:21.476  INFO 14988 --- [main] c.i.a.AutomaticCarsGameApplication       : Started AutomaticCarsGameApplication in 7.16 seconds (JVM running for 8.813)
